[debug] [2025-07-15T06:19:52.324Z] ----------------------------------------------------------------------
[debug] [2025-07-15T06:19:52.325Z] Command:       /Users/paulbonneville/.nvm/versions/node/v18.20.8/bin/node /Users/paulbonneville/.nvm/versions/node/v18.20.8/bin/firebase projects:create arrgh-collect-2025 --display-name Arrgh Collect
[debug] [2025-07-15T06:19:52.325Z] CLI Version:   13.35.1
[debug] [2025-07-15T06:19:52.325Z] Platform:      darwin
[debug] [2025-07-15T06:19:52.325Z] Node Version:  v18.20.8
[debug] [2025-07-15T06:19:52.326Z] Time:          Tue Jul 15 2025 00:19:52 GMT-0600 (Mountain Daylight Time)
[debug] [2025-07-15T06:19:52.326Z] ----------------------------------------------------------------------
[debug] 
[debug] [2025-07-15T06:19:52.329Z] > command requires scopes: ["email","openid","https://www.googleapis.com/auth/cloudplatformprojects.readonly","https://www.googleapis.com/auth/firebase","https://www.googleapis.com/auth/cloud-platform"]
[debug] [2025-07-15T06:19:52.464Z] Running auto auth
[debug] [2025-07-15T06:19:52.465Z] No OAuth tokens found
[debug] [2025-07-15T06:19:52.465Z] >>> [apiv2][query] POST https://cloudresourcemanager.googleapis.com/v1/projects [none]
[debug] [2025-07-15T06:19:52.466Z] >>> [apiv2][body] POST https://cloudresourcemanager.googleapis.com/v1/projects {"projectId":"arrgh-collect-2025","name":"Arrgh Collect"}
[debug] [2025-07-15T06:19:52.737Z] <<< [apiv2][status] POST https://cloudresourcemanager.googleapis.com/v1/projects 200
[debug] [2025-07-15T06:19:52.738Z] <<< [apiv2][body] POST https://cloudresourcemanager.googleapis.com/v1/projects {"name":"operations/create_project.global.7435794496684497564"}
[debug] [2025-07-15T06:19:52.739Z] No OAuth tokens found
[debug] [2025-07-15T06:19:52.739Z] >>> [apiv2][query] GET https://cloudresourcemanager.googleapis.com/v1/operations/create_project.global.7435794496684497564 [none]
[debug] [2025-07-15T06:19:52.925Z] <<< [apiv2][status] GET https://cloudresourcemanager.googleapis.com/v1/operations/create_project.global.7435794496684497564 200
[debug] [2025-07-15T06:19:52.925Z] <<< [apiv2][body] GET https://cloudresourcemanager.googleapis.com/v1/operations/create_project.global.7435794496684497564 {"name":"operations/create_project.global.7435794496684497564"}
[debug] [2025-07-15T06:19:53.427Z] [Project Creation Poller] Retrying task index 0
[debug] [2025-07-15T06:19:53.428Z] No OAuth tokens found
[debug] [2025-07-15T06:19:53.428Z] >>> [apiv2][query] GET https://cloudresourcemanager.googleapis.com/v1/operations/create_project.global.7435794496684497564 [none]
[debug] [2025-07-15T06:19:53.625Z] <<< [apiv2][status] GET https://cloudresourcemanager.googleapis.com/v1/operations/create_project.global.7435794496684497564 200
[debug] [2025-07-15T06:19:53.625Z] <<< [apiv2][body] GET https://cloudresourcemanager.googleapis.com/v1/operations/create_project.global.7435794496684497564 {"name":"operations/create_project.global.7435794496684497564"}
[debug] [2025-07-15T06:19:54.626Z] [Project Creation Poller] Retrying task index 0
[debug] [2025-07-15T06:19:54.627Z] No OAuth tokens found
[debug] [2025-07-15T06:19:54.627Z] >>> [apiv2][query] GET https://cloudresourcemanager.googleapis.com/v1/operations/create_project.global.7435794496684497564 [none]
[debug] [2025-07-15T06:19:54.810Z] <<< [apiv2][status] GET https://cloudresourcemanager.googleapis.com/v1/operations/create_project.global.7435794496684497564 200
[debug] [2025-07-15T06:19:54.811Z] <<< [apiv2][body] GET https://cloudresourcemanager.googleapis.com/v1/operations/create_project.global.7435794496684497564 {"name":"operations/create_project.global.7435794496684497564","metadata":{"@type":"type.googleapis.com/google.cloudresourcemanager.v1.ProjectCreationStatus","gettable":true,"ready":true},"done":true,"response":{"@type":"type.googleapis.com/google.cloudresourcemanager.v1.Project","projectNumber":"212823330169","projectId":"arrgh-collect-2025","lifecycleState":"ACTIVE","name":"Arrgh Collect","createTime":"2025-07-15T06:19:53.895874Z","parent":{"type":"organization","id":"708053649207"}}}
[debug] [2025-07-15T06:19:54.811Z] No OAuth tokens found
[debug] [2025-07-15T06:19:54.812Z] >>> [apiv2][query] POST https://firebase.googleapis.com/v1beta1/projects/arrgh-collect-2025:addFirebase [none]
[debug] [2025-07-15T06:19:55.375Z] <<< [apiv2][status] POST https://firebase.googleapis.com/v1beta1/projects/arrgh-collect-2025:addFirebase 403
[debug] [2025-07-15T06:19:55.375Z] <<< [apiv2][body] POST https://firebase.googleapis.com/v1beta1/projects/arrgh-collect-2025:addFirebase {"error":{"code":403,"message":"The caller does not have permission","status":"PERMISSION_DENIED"}}
[debug] [2025-07-15T06:19:55.375Z] Request to https://firebase.googleapis.com/v1beta1/projects/arrgh-collect-2025:addFirebase had HTTP Error: 403, The caller does not have permission
[debug] [2025-07-15T06:19:55.376Z] FirebaseError: Request to https://firebase.googleapis.com/v1beta1/projects/arrgh-collect-2025:addFirebase had HTTP Error: 403, The caller does not have permission
    at responseToError (/Users/paulbonneville/.nvm/versions/node/v18.20.8/lib/node_modules/firebase-tools/lib/responseToError.js:52:12)
    at RetryOperation._fn (/Users/paulbonneville/.nvm/versions/node/v18.20.8/lib/node_modules/firebase-tools/lib/apiv2.js:312:77)
    at process.processTicksAndRejections (node:internal/process/task_queues:95:5)
[error] 
[error] Error: Failed to add Firebase to Google Cloud Platform project. See firebase-debug.log for more info.
